Arguments: 
  C:\Program Files\nodejs\node.exe C:\Program Files (x86)\Yarn\bin\yarn.js init

PATH: 
  C:\Windows\system32;C:\Windows;C:\Windows\System32\Wbem;C:\Windows\System32\WindowsPowerShell\v1.0\;C:\Program Files\NVIDIA Corporation\NVIDIA NvDLISR;C:\Program Files (x86)\NVIDIA Corporation\PhysX\Common;C:\Program Files (x86)\Yarn\bin\;C:\Program Files\nodejs\;C:\WINDOWS\system32;C:\WINDOWS;C:\WINDOWS\System32\Wbem;C:\WINDOWS\System32\WindowsPowerShell\v1.0\;C:\WINDOWS\System32\OpenSSH\;C:\Program Files\Git\cmd;C:\Users\Artem\AppData\Local\Microsoft\WindowsApps;C:\Users\Artem\AppData\Local\Yarn\bin;C:\Users\Artem\AppData\Roaming\npm;

Yarn version: 
  1.15.2

Node version: 
  10.15.3

Platform: 
  win32 x64

Trace: 
  SyntaxError: E:\Job\mygulp\package.json: Unexpected token } in JSON at position 576
      at JSON.parse (<anonymous>)
      at C:\Program Files (x86)\Yarn\lib\cli.js:1625:59
      at Generator.next (<anonymous>)
      at step (C:\Program Files (x86)\Yarn\lib\cli.js:304:30)
      at C:\Program Files (x86)\Yarn\lib\cli.js:315:13

npm manifest: 
  {
    "name": "evo",
    "version": "1.0.0",
    "description": "",
    "main": "index.js",
    "scripts": {
      "test": "echo \"Error: no test specified\" && exit 1"
    },
    "author": "",
    "license": "ISC",
    "devDependencies": {
      "browser-sync": "^2.23.6",
      "gulp": "^3.9.1",
      "gulp-imagemin": "^4.1.0",
      "gulp-livereload": "^3.8.1",
      "gulp-rigger": "^0.5.8",
      "gulp-sass": "^3.1.0",
      "gulp-typograf": "^3.1.0",
      "gulp-watch": "^5.0.0",
      "gulp-webserver": "^0.9.1"
    },
    "dependencies": {
      "gulp-autoprefixer": "^6.0.0",
      "gulp-plumber": "^1.2.0",
    }
  }

yarn manifest: 
  No manifest

Lockfile: 
  No lockfile
